-------------------------------------------------------------------------------
Test set: co.edu.unal.paralela.StudentAnalyticsTest
-------------------------------------------------------------------------------
Tests run: 6, Failures: 1, Errors: 0, Skipped: 0, Time elapsed: 2.911 sec <<< FAILURE! - in co.edu.unal.paralela.StudentAnalyticsTest
testMostCommonFirstNameOfInactiveStudentsPerf(co.edu.unal.paralela.StudentAnalyticsTest)  Time elapsed: 1.218 sec  <<< FAILURE!
junit.framework.AssertionFailedError: Expected speedup to be at least 8.0 but was 7.6020408163265305
	at junit.framework.Assert.fail(Assert.java:47)
	at junit.framework.Assert.assertTrue(Assert.java:20)
	at co.edu.unal.paralela.StudentAnalyticsTest.testMostCommonFirstNameOfInactiveStudentsPerf(StudentAnalyticsTest.java:118)

